This is pdfTeX, Version 3.14159265-2.6-1.40.20 (MiKTeX 2.9.7140 64-bit) (preloaded format=pdflatex 2019.9.17)  6 DEC 2019 15:51
entering extended mode
**./TG.tex
(TG.tex
LaTeX2e <2018-12-01>
("C:\Program Files\MiKTeX 2.9\tex/latex/base\report.cls"
Document Class: report 2018/09/03 v1.4i Standard LaTeX document class
("C:\Program Files\MiKTeX 2.9\tex/latex/base\size12.clo"
File: size12.clo 2018/09/03 v1.4i Standard LaTeX file (size option)
)
\c@part=\count80
\c@chapter=\count81
\c@section=\count82
\c@subsection=\count83
\c@subsubsection=\count84
\c@paragraph=\count85
\c@subparagraph=\count86
\c@figure=\count87
\c@table=\count88
\abovecaptionskip=\skip41
\belowcaptionskip=\skip42
\bibindent=\dimen102
)
("C:\Program Files\MiKTeX 2.9\tex/latex/geometry\geometry.sty"
Package: geometry 2018/04/16 v5.8 Page Geometry

("C:\Program Files\MiKTeX 2.9\tex/latex/graphics\keyval.sty"
Package: keyval 2014/10/28 v1.15 key=value parser (DPC)
\KV@toks@=\toks14
)
("C:\Program Files\MiKTeX 2.9\tex/generic/oberdiek\ifpdf.sty"
Package: ifpdf 2018/09/07 v3.3 Provides the ifpdf switch
)
("C:\Program Files\MiKTeX 2.9\tex/generic/oberdiek\ifvtex.sty"
Package: ifvtex 2016/05/16 v1.6 Detect VTeX and its facilities (HO)
Package ifvtex Info: VTeX not detected.
)
("C:\Program Files\MiKTeX 2.9\tex/generic/ifxetex\ifxetex.sty"
Package: ifxetex 2010/09/12 v0.6 Provides ifxetex conditional
)
\Gm@cnth=\count89
\Gm@cntv=\count90
\c@Gm@tempcnt=\count91
\Gm@bindingoffset=\dimen103
\Gm@wd@mp=\dimen104
\Gm@odd@mp=\dimen105
\Gm@even@mp=\dimen106
\Gm@layoutwidth=\dimen107
\Gm@layoutheight=\dimen108
\Gm@layouthoffset=\dimen109
\Gm@layoutvoffset=\dimen110
\Gm@dimlist=\toks15

("C:\Program Files\MiKTeX 2.9\tex/latex/geometry\geometry.cfg"))
("C:\Program Files\MiKTeX 2.9\tex/latex/base\inputenc.sty"
Package: inputenc 2018/08/11 v1.3c Input encoding file
\inpenc@prehook=\toks16
\inpenc@posthook=\toks17
)
("C:\Program Files\MiKTeX 2.9\tex/latex/graphics\graphicx.sty"
Package: graphicx 2017/06/01 v1.1a Enhanced LaTeX Graphics (DPC,SPQR)

("C:\Program Files\MiKTeX 2.9\tex/latex/graphics\graphics.sty"
Package: graphics 2017/06/25 v1.2c Standard LaTeX Graphics (DPC,SPQR)

("C:\Program Files\MiKTeX 2.9\tex/latex/graphics\trig.sty"
Package: trig 2016/01/03 v1.10 sin cos tan (DPC)
)
("C:\Program Files\MiKTeX 2.9\tex/latex/graphics-cfg\graphics.cfg"
File: graphics.cfg 2016/06/04 v1.11 sample graphics configuration
)
Package graphics Info: Driver file: pdftex.def on input line 99.

("C:\Program Files\MiKTeX 2.9\tex/latex/graphics-def\pdftex.def"
File: pdftex.def 2018/01/08 v1.0l Graphics/color driver for pdftex
))
\Gin@req@height=\dimen111
\Gin@req@width=\dimen112
)
("C:\Program Files\MiKTeX 2.9\tex/generic/babel\babel.sty"
Package: babel 2019/07/19 3.33 The Babel package

("C:\Program Files\MiKTeX 2.9\tex/generic/babel\switch.def"
File: switch.def 2019/07/19 3.33 Babel switching mechanism
)
*************************************
* Local config file bblopts.cfg used
*
("C:\Program Files\MiKTeX 2.9\tex/latex/arabi\bblopts.cfg"
File: bblopts.cfg 2005/09/08 v0.1 add Arabic and Farsi to "declared" options of
 babel
)
("C:\Program Files\MiKTeX 2.9\tex/latex/babel-spanish\spanish.ldf"
Language: spanish.ldf 2016/03/03 v5.0p Spanish support from the babel system

("C:\Program Files\MiKTeX 2.9\tex/generic/babel\babel.def"
File: babel.def 2019/07/19 3.33 Babel common definitions
\babel@savecnt=\count92
\U@D=\dimen113

("C:\Program Files\MiKTeX 2.9\tex/generic/babel\txtbabel.def")
\bbl@dirlevel=\count93
)
\es@quottoks=\toks18
\es@quotdepth=\count94
Package babel Info: Making " an active character on input line 561.
Package babel Info: Making . an active character on input line 662.
Package babel Info: Making < an active character on input line 707.
Package babel Info: Making > an active character on input line 707.
))
("C:\Program Files\MiKTeX 2.9\tex/latex/babelbib\babelbib.sty"
Package: babelbib 2019/03/11 v1.32 babelbib: multilingual bibliographies (HH)
\c@btxromaniannumeral=\count95
)
("C:\Program Files\MiKTeX 2.9\tex/latex/url\url.sty"
\Urlmuskip=\muskip10
Package: url 2013/09/16  ver 3.4  Verb mode for urls, etc.
)
("C:\Program Files\MiKTeX 2.9\tex/latex/float\float.sty"
Package: float 2001/11/08 v1.3d Float enhancements (AL)
\c@float@type=\count96
\float@exts=\toks19
\float@box=\box27
\@float@everytoks=\toks20
\@floatcapt=\box28
) (TG.aux
(start/coverPage.aux)
LaTeX Info: Redefining \. on input line 7.
LaTeX Info: Redefining \% on input line 7.
 (start/backCover.aux) (start/acceptanceNote.aux)
(start/dedication.aux) (start/intro.aux))
\openout1 = `TG.aux'.

LaTeX Font Info:    Checking defaults for OML/cmm/m/it on input line 24.
LaTeX Font Info:    ... okay on input line 24.
LaTeX Font Info:    Checking defaults for T1/cmr/m/n on input line 24.
LaTeX Font Info:    ... okay on input line 24.
LaTeX Font Info:    Checking defaults for OT1/cmr/m/n on input line 24.
LaTeX Font Info:    ... okay on input line 24.
LaTeX Font Info:    Checking defaults for OMS/cmsy/m/n on input line 24.
LaTeX Font Info:    ... okay on input line 24.
LaTeX Font Info:    Checking defaults for OMX/cmex/m/n on input line 24.
LaTeX Font Info:    ... okay on input line 24.
LaTeX Font Info:    Checking defaults for U/cmr/m/n on input line 24.
LaTeX Font Info:    ... okay on input line 24.

*geometry* driver: auto-detecting
*geometry* detected driver: pdftex
*geometry* verbose mode - [ preamble ] result:
* driver: pdftex
* paper: letterpaper
* layout: <same size as paper>
* layoutoffset:(h,v)=(0.0pt,0.0pt)
* modes: 
* h-part:(L,W,R)=(85.35826pt, 443.57848pt, 85.35826pt)
* v-part:(T,H,B)=(85.35826pt, 624.25346pt, 85.35826pt)
* \paperwidth=614.295pt
* \paperheight=794.96999pt
* \textwidth=443.57848pt
* \textheight=624.25346pt
* \oddsidemargin=13.08827pt
* \evensidemargin=13.08827pt
* \topmargin=-23.91173pt
* \headheight=12.0pt
* \headsep=25.0pt
* \topskip=12.0pt
* \footskip=30.0pt
* \marginparwidth=44.0pt
* \marginparsep=10.0pt
* \columnsep=10.0pt
* \skip\footins=10.8pt plus 4.0pt minus 2.0pt
* \hoffset=0.0pt
* \voffset=0.0pt
* \mag=1000
* \@twocolumnfalse
* \@twosidefalse
* \@mparswitchfalse
* \@reversemarginfalse
* (1in=72.27pt=25.4mm, 1cm=28.453pt)

("C:\Program Files\MiKTeX 2.9\tex/context/base/mkii\supp-pdf.mkii"
[Loading MPS to PDF converter (version 2006.09.02).]
\scratchcounter=\count97
\scratchdimen=\dimen114
\scratchbox=\box29
\nofMPsegments=\count98
\nofMParguments=\count99
\everyMPshowfont=\toks21
\MPscratchCnt=\count100
\MPscratchDim=\dimen115
\MPnumerator=\count101
\makeMPintoPDFobject=\count102
\everyMPtoPDFconversion=\toks22
) ("C:\Program Files\MiKTeX 2.9\tex/latex/oberdiek\epstopdf-base.sty"
Package: epstopdf-base 2016/05/15 v2.6 Base part for package epstopdf

("C:\Program Files\MiKTeX 2.9\tex/generic/oberdiek\infwarerr.sty"
Package: infwarerr 2016/05/16 v1.4 Providing info/warning/error messages (HO)
)
("C:\Program Files\MiKTeX 2.9\tex/latex/oberdiek\grfext.sty"
Package: grfext 2016/05/16 v1.2 Manage graphics extensions (HO)

("C:\Program Files\MiKTeX 2.9\tex/generic/oberdiek\kvdefinekeys.sty"
Package: kvdefinekeys 2016/05/16 v1.4 Define keys (HO)

("C:\Program Files\MiKTeX 2.9\tex/generic/oberdiek\ltxcmds.sty"
Package: ltxcmds 2016/05/16 v1.23 LaTeX kernel commands for general use (HO)
)))
("C:\Program Files\MiKTeX 2.9\tex/latex/oberdiek\kvoptions.sty"
Package: kvoptions 2016/05/16 v3.12 Key value format for package options (HO)

("C:\Program Files\MiKTeX 2.9\tex/generic/oberdiek\kvsetkeys.sty"
Package: kvsetkeys 2016/05/16 v1.17 Key value parser (HO)

("C:\Program Files\MiKTeX 2.9\tex/generic/oberdiek\etexcmds.sty"
Package: etexcmds 2016/05/16 v1.6 Avoid name clashes with e-TeX commands (HO)

("C:\Program Files\MiKTeX 2.9\tex/generic/oberdiek\ifluatex.sty"
Package: ifluatex 2016/05/16 v1.4 Provides the ifluatex switch (HO)
Package ifluatex Info: LuaTeX not detected.
))))
("C:\Program Files\MiKTeX 2.9\tex/generic/oberdiek\pdftexcmds.sty"
Package: pdftexcmds 2019/07/25 v0.30 Utility functions of pdfTeX for LuaTeX (HO
)
Package pdftexcmds Info: LuaTeX not detected.
Package pdftexcmds Info: \pdf@primitive is available.
Package pdftexcmds Info: \pdf@ifprimitive is available.
Package pdftexcmds Info: \pdfdraftmode found.
)
Package epstopdf-base Info: Redefining graphics rule for `.eps' on input line 4
38.
Package grfext Info: Graphics extension search list:
(grfext)             [.pdf,.png,.jpg,.mps,.jpeg,.jbig2,.jb2,.PDF,.PNG,.JPG,.JPE
G,.JBIG2,.JB2,.eps]
(grfext)             \AppendGraphicsExtensions on input line 456.
)
LaTeX Info: Redefining \. on input line 24.
LaTeX Info: Redefining \% on input line 24.

babelbib: Set bibliography fall-back language to spanish
("C:\Program Files\MiKTeX 2.9\tex/latex/babelbib\spanish.bdf"
File: spanish.bdf 2019/03/11 v1.32 babelbib: multilingual bibliographies (HH)

babelbib extension \btxifchangecaseoff added to \extrasspanish
)
babelbib: Load BibTeX extensions \bibsspanish for spanish
babelbib: Set language for keywords in the bibliography fixed to spanish
babelbib: Set language for keywords in the bibliography fixed to spanish
\openout2 = `start/coverPage.aux'.

(start/coverPage.tex
<start/Universidad.png, id=1, 561.59813pt x 480.29437pt>
File: start/Universidad.png Graphic file (type png)
<use start/Universidad.png>
Package pdftex.def Info: start/Universidad.png  used on input line 10.
(pdftex.def)             Requested size: 177.42868pt x 151.74057pt.
 [1


{C:/Users/Lab.pasticolab-PC/AppData/Local/MiKTeX/2.9/pdftex/config/pdftex.map} 
<./start/Universidad.png>])
\openout2 = `start/backCover.aux'.

 (start/backCover.tex
[1


])
\openout2 = `start/acceptanceNote.aux'.

 (start/acceptanceNote.tex) [1


]
\openout2 = `start/dedication.aux'.

 (start/dedication.tex) [2



] (TG.toc
LaTeX Info: Redefining \. on input line 1.
LaTeX Info: Redefining \% on input line 1.
LaTeX Font Info:    External font `cmex10' loaded for size
(Font)              <12> on input line 5.
LaTeX Font Info:    External font `cmex10' loaded for size
(Font)              <8> on input line 5.
LaTeX Font Info:    External font `cmex10' loaded for size
(Font)              <6> on input line 5.
 [3


]
[4])
\tf@toc=\write3
\openout3 = `TG.toc'.

 [5] (TG.lof
LaTeX Info: Redefining \. on input line 1.
LaTeX Info: Redefining \% on input line 1.
 [6

])
\tf@lof=\write4
\openout4 = `TG.lof'.

 [7]
\openout2 = `start/intro.aux'.

 (start/intro.tex
Underfull \hbox (badness 10000) in paragraph at lines 5--6

 []


Underfull \hbox (badness 10000) in paragraph at lines 7--8

 []

) [1


] [2


]
Cap\'{\i }tulo 1.
(description/problem.tex
Underfull \hbox (badness 10000) in paragraph at lines 5--6

 []


Underfull \hbox (badness 10000) in paragraph at lines 7--8

 []


Underfull \hbox (badness 10000) in paragraph at lines 9--10

 []

[3

]) (description/objectives.tex) (description/justification.tex
Underfull \hbox (badness 10000) in paragraph at lines 3--4

 []

[4]) (description/scopes.tex [5]) (description/hypothesis.tex)
(description/framework.tex
Underfull \hbox (badness 10000) in paragraph at lines 7--8

 []

[6]
Underfull \hbox (badness 10000) in paragraph at lines 9--10

 []

<description/framework/yotepresto.png, id=56, 932.73468pt x 428.35031pt>
File: description/framework/yotepresto.png Graphic file (type png)
<use description/framework/yotepresto.png>
Package pdftex.def Info: description/framework/yotepresto.png  used on input li
ne 13.
(pdftex.def)             Requested size: 354.86412pt x 162.96436pt.

Underfull \hbox (badness 10000) in paragraph at lines 27--28

 []


Underfull \hbox (badness 10000) in paragraph at lines 29--30

 []

<description/framework/tendero.jpg, id=57, 647.41875pt x 364.36125pt>
File: description/framework/tendero.jpg Graphic file (type jpg)
<use description/framework/tendero.jpg>
Package pdftex.def Info: description/framework/tendero.jpg  used on input line 
33.
(pdftex.def)             Requested size: 354.86412pt x 199.71545pt.
[7 <./description/framework/yotepresto.png>]
Underfull \hbox (badness 10000) in paragraph at lines 45--46

 []

<description/framework/interactividad.jpg, id=62, 343.2825pt x 191.9672pt>
File: description/framework/interactividad.jpg Graphic file (type jpg)
<use description/framework/interactividad.jpg>
Package pdftex.def Info: description/framework/interactividad.jpg  used on inpu
t line 57.
(pdftex.def)             Requested size: 354.86412pt x 198.44313pt.
[8 <./description/framework/tendero.jpg>]
Underfull \hbox (badness 10000) in paragraph at lines 67--68

 []


Underfull \hbox (badness 10000) in paragraph at lines 69--70

 []

<description/framework/nube.jpg, id=66, 579.66562pt x 435.12563pt>
File: description/framework/nube.jpg Graphic file (type jpg)
<use description/framework/nube.jpg>
Package pdftex.def Info: description/framework/nube.jpg  used on input line 73.

(pdftex.def)             Requested size: 354.86412pt x 266.37569pt.
[9 <./description/framework/interactividad.jpg>]
Underfull \hbox (badness 10000) in paragraph at lines 86--87

 []

<description/framework/website.png, id=70, 903.375pt x 539.01375pt>
File: description/framework/website.png Graphic file (type png)
<use description/framework/website.png>
Package pdftex.def Info: description/framework/website.png  used on input line 
92.
(pdftex.def)             Requested size: 354.86412pt x 211.73607pt.
[10 <./description/framework/nube.jpg>]
Underfull \hbox (badness 10000) in paragraph at lines 103--104

 []

<description/framework/responsive.jpg, id=75, 923.45pt x 541.02126pt>
File: description/framework/responsive.jpg Graphic file (type jpg)
<use description/framework/responsive.jpg>
Package pdftex.def Info: description/framework/responsive.jpg  used on input li
ne 109.
(pdftex.def)             Requested size: 354.86412pt x 207.90169pt.
[11 <./description/framework/website.png>]
<description/framework/database.jpg, id=80, 562.1pt x 351.3125pt>
File: description/framework/database.jpg Graphic file (type jpg)
<use description/framework/database.jpg>
Package pdftex.def Info: description/framework/database.jpg  used on input line
 124.
(pdftex.def)             Requested size: 354.86412pt x 221.78905pt.
 [12 <./description/framework/responsive.jpg>]
Underfull \hbox (badness 10000) in paragraph at lines 134--135

 []


Underfull \hbox (badness 10000) in paragraph at lines 136--137

 []

<description/framework/sql.png, id=84, 688.5725pt x 710.655pt>
File: description/framework/sql.png Graphic file (type png)
<use description/framework/sql.png>
Package pdftex.def Info: description/framework/sql.png  used on input line 142.

(pdftex.def)             Requested size: 266.14978pt x 274.68196pt.
[13 <./description/framework/database.jpg>]
Underfull \hbox (badness 10000) in paragraph at lines 153--154

 []

<description/framework/restful.png, id=88, 444.15938pt x 433.62pt>
File: description/framework/restful.png Graphic file (type png)
<use description/framework/restful.png>
Package pdftex.def Info: description/framework/restful.png  used on input line 
159.
(pdftex.def)             Requested size: 266.14978pt x 259.82994pt.
[14 <./description/framework/sql.png>]
Underfull \hbox (badness 10000) in paragraph at lines 170--171

 []

<description/framework/webapi.png, id=93, 586.19pt x 256.96pt>
File: description/framework/webapi.png Graphic file (type png)
<use description/framework/webapi.png>
Package pdftex.def Info: description/framework/webapi.png  used on input line 1
86.
(pdftex.def)             Requested size: 354.86412pt x 155.5534pt.
[15 <./description/framework/restful.png>]
<description/framework/http.jpg, id=98, 259.97125pt x 195.73125pt>
File: description/framework/http.jpg Graphic file (type jpg)
<use description/framework/http.jpg>
Package pdftex.def Info: description/framework/http.jpg  used on input line 201
.
(pdftex.def)             Requested size: 310.50357pt x 233.77724pt.
 [16 <./description/framework/webapi.png>]) (description/methodology.tex [17 <.
/description/framework/http.jpg>])
[18] [19

]
Cap\'{\i }tulo 2.
(development/scrum.tex
Underfull \hbox (badness 10000) in paragraph at lines 3--4

 []

<development/roles.png, id=113, 395.97937pt x 71.51718pt>
File: development/roles.png Graphic file (type png)
<use development/roles.png>
Package pdftex.def Info: development/roles.png  used on input line 10.
(pdftex.def)             Requested size: 443.57848pt x 80.11505pt.
[20

 <./development/roles.png>]
Underfull \hbox (badness 10000) in paragraph at lines 34--35

 []


Underfull \hbox (badness 10000) in paragraph at lines 46--47

 []

<development/sprint1.png, id=117, 728.7225pt x 121.20282pt>
File: development/sprint1.png Graphic file (type png)
<use development/sprint1.png>
Package pdftex.def Info: development/sprint1.png  used on input line 50.
(pdftex.def)             Requested size: 443.57848pt x 73.7764pt.
[21]
<development/listarmenu.png, id=121, 373.395pt x 213.79875pt>
File: development/listarmenu.png Graphic file (type png)
<use development/listarmenu.png>
Package pdftex.def Info: development/listarmenu.png  used on input line 65.
(pdftex.def)             Requested size: 443.57848pt x 253.99629pt.

Underfull \hbox (badness 10000) in paragraph at lines 71--72

 []

<development/crearmenu.png, id=122, 380.17032pt x 177.66376pt>
File: development/crearmenu.png Graphic file (type png)
<use development/crearmenu.png>
Package pdftex.def Info: development/crearmenu.png  used on input line 76.
(pdftex.def)             Requested size: 443.57848pt x 207.30188pt.
[22 <./development/sprint1.png> <./development/listarmenu.png>]
<development/actualizarmenu.png, id=127, 380.92313pt x 190.46156pt>
File: development/actualizarmenu.png Graphic file (type png)
<use development/actualizarmenu.png>
Package pdftex.def Info: development/actualizarmenu.png  used on input line 86.

(pdftex.def)             Requested size: 443.57848pt x 221.79578pt.
<development/listarperfiles.png, id=128, 377.91188pt x 124.21407pt>
File: development/listarperfiles.png Graphic file (type png)
<use development/listarperfiles.png>
Package pdftex.def Info: development/listarperfiles.png  used on input line 96.

(pdftex.def)             Requested size: 443.57848pt x 145.798pt.
 [23 <./development/crearmenu.png> <./development/actualizarmenu.png>]
<development/crearperfiles.png, id=132, 377.15906pt x 128.73094pt>
File: development/crearperfiles.png Graphic file (type png)
<use development/crearperfiles.png>
Package pdftex.def Info: development/crearperfiles.png  used on input line 107.

(pdftex.def)             Requested size: 443.57848pt x 151.40027pt.

Underfull \hbox (badness 10000) in paragraph at lines 113--116

 []


Underfull \hbox (badness 10000) in paragraph at lines 113--116

 []


Underfull \hbox (badness 10000) in paragraph at lines 113--116

 []

<development/actualizarperfiles.png, id=133, 378.66469pt x 132.495pt>
File: development/actualizarperfiles.png Graphic file (type png)
<use development/actualizarperfiles.png>
Package pdftex.def Info: development/actualizarperfiles.png  used on input line
 120.
(pdftex.def)             Requested size: 443.57848pt x 155.21056pt.
[24 <./development/listarperfiles.png> <./development/crearperfiles.png>]
<development/otorgarpermisos.png, id=137, 382.42876pt x 308.65312pt>
File: development/otorgarpermisos.png Graphic file (type png)
<use development/otorgarpermisos.png>
Package pdftex.def Info: development/otorgarpermisos.png  used on input line 13
0.
(pdftex.def)             Requested size: 443.57848pt x 358.02373pt.

[25 <./development/actualizarperfiles.png>]
Underfull \hbox (badness 10000) in paragraph at lines 145--146

 []

<development/sprint2.png, id=141, 648.92438pt x 286.82156pt>
File: development/sprint2.png Graphic file (type png)
<use development/sprint2.png>
Package pdftex.def Info: development/sprint2.png  used on input line 149.
(pdftex.def)             Requested size: 443.57848pt x 196.06456pt.
[26 <./development/otorgarpermisos.png>]
<development/guardarprestamos.png, id=145, 443.40656pt x 195.73125pt>
File: development/guardarprestamos.png Graphic file (type png)
<use development/guardarprestamos.png>
Package pdftex.def Info: development/guardarprestamos.png  used on input line 1
64.
(pdftex.def)             Requested size: 443.57848pt x 195.82034pt.

Underfull \hbox (badness 10000) in paragraph at lines 178--179

 []

[27 <./development/sprint2.png> <./development/guardarprestamos.png>]
<development/sprint3.png, id=149, 633.86812pt x 196.48407pt>
File: development/sprint3.png Graphic file (type png)
<use development/sprint3.png>
Package pdftex.def Info: development/sprint3.png  used on input line 182.
(pdftex.def)             Requested size: 443.57848pt x 137.50192pt.
<development/escanearqr.png, id=150, 443.40656pt x 189.70876pt>
File: development/escanearqr.png Graphic file (type png)
<use development/escanearqr.png>
Package pdftex.def Info: development/escanearqr.png  used on input line 197.
(pdftex.def)             Requested size: 443.57848pt x 189.79512pt.
<development/resumenprestamos.png, id=151, 443.40656pt x 184.43906pt>
File: development/resumenprestamos.png Graphic file (type png)
<use development/resumenprestamos.png>
Package pdftex.def Info: development/resumenprestamos.png  used on input line 2
07.
(pdftex.def)             Requested size: 443.57848pt x 184.52303pt.
 [28 <./development/sprint3.png> <./development/escanearqr.png>]) (development/
cases.tex
<development/casos.png, id=156, 633.86812pt x 438.8897pt>
File: development/casos.png Graphic file (type png)
<use development/casos.png>
Package pdftex.def Info: development/casos.png  used on input line 7.
(pdftex.def)             Requested size: 443.57848pt x 307.14034pt.

[29 <./development/resumenprestamos.png>]) (development/wireframe.tex
<development/wireframe.png, id=160, 607.51968pt x 354.57469pt>
File: development/wireframe.png Graphic file (type png)
<use development/wireframe.png>
Package pdftex.def Info: development/wireframe.png  used on input line 7.
(pdftex.def)             Requested size: 443.57848pt x 258.89688pt.
 [30 <./development/casos.png>]) (development/database.tex
<development/modelo.png, id=165, 748.29562pt x 429.10312pt>
File: development/modelo.png Graphic file (type png)
<use development/modelo.png>
Package pdftex.def Info: development/modelo.png  used on input line 7.
(pdftex.def)             Requested size: 443.57848pt x 254.36685pt.
 [31 <./development/wireframe.png>]) [32 <./development/modelo.png>]
Cap\'{\i }tulo 3.
(development/intro.tex) (development/trustme.tex) (development/mission.tex)
(development/view.tex) (development/objectives.tex [33

])
(development/beginning.tex) (development/services.tex)
(development/products.tex) [34]
Cap\'{\i }tulo 4.
(development/deal.tex
Underfull \hbox (badness 10000) in paragraph at lines 5--6

 []

<development/organizacion.png, id=179, 452.4403pt x 149.8097pt>
File: development/organizacion.png Graphic file (type png)
<use development/organizacion.png>
Package pdftex.def Info: development/organizacion.png  used on input line 10.
(pdftex.def)             Requested size: 354.86412pt x 117.50027pt.

Underfull \hbox (badness 10000) in paragraph at lines 7--12

 []

[35

 <./development/organizacion.png>]
<development/negocio.pdf, id=184, 270.00874pt x 242.9075pt>
File: development/negocio.pdf Graphic file (type pdf)
<use development/negocio.pdf>
Package pdftex.def Info: development/negocio.pdf  used on input line 26.
(pdftex.def)             Requested size: 266.14978pt x 239.44135pt.

Underfull \hbox (badness 10000) in paragraph at lines 35--36

 []

[36 <./development/negocio.pdf>]
<development/cooperacionactor.png, id=196, 383.93437pt x 197.23688pt>
File: development/cooperacionactor.png Graphic file (type png)
<use development/cooperacionactor.png>
Package pdftex.def Info: development/cooperacionactor.png  used on input line 4
1.
(pdftex.def)             Requested size: 354.86412pt x 182.31483pt.

Underfull \hbox (badness 10000) in paragraph at lines 38--43

 []


Underfull \hbox (badness 10000) in paragraph at lines 47--48

 []

<development/cooperacionactor.pdf, id=197, 405.515pt x 276.03125pt>
File: development/cooperacionactor.pdf Graphic file (type pdf)
<use development/cooperacionactor.pdf>
Package pdftex.def Info: development/cooperacionactor.pdf  used on input line 6
2.
(pdftex.def)             Requested size: 354.86412pt x 241.56042pt.
[37 <./development/cooperacionactor.png>]
Underfull \hbox (badness 10000) in paragraph at lines 71--72

 []

<development/funcion.png, id=202, 254.45062pt x 117.43875pt>
File: development/funcion.png Graphic file (type png)
<use development/funcion.png>
Package pdftex.def Info: development/funcion.png  used on input line 76.
(pdftex.def)             Requested size: 266.14978pt x 122.84302pt.

Underfull \hbox (badness 10000) in paragraph at lines 73--78

 []

[38 <./development/cooperacionactor.pdf> <./development/funcion.png>]
<development/funcion.pdf, id=208, 452.69125pt x 321.2pt>
File: development/funcion.pdf Graphic file (type pdf)
<use development/funcion.pdf>
Package pdftex.def Info: development/funcion.pdf  used on input line 87.
(pdftex.def)             Requested size: 354.86412pt x 251.78967pt.

Underfull \hbox (badness 10000) in paragraph at lines 96--97

 []

[39 <./development/funcion.pdf>]
<development/proceso.png, id=213, 414.79968pt x 219.82124pt>
File: development/proceso.png Graphic file (type png)
<use development/proceso.png>
Package pdftex.def Info: development/proceso.png  used on input line 102.
(pdftex.def)             Requested size: 354.86412pt x 188.0665pt.

Underfull \hbox (badness 10000) in paragraph at lines 99--104

 []


Underfull \hbox (badness 10000) in paragraph at lines 108--109

 []

<development/proceso.pdf, id=214, 561.09625pt x 124.465pt>
File: development/proceso.pdf Graphic file (type pdf)
<use development/proceso.pdf>
Package pdftex.def Info: development/proceso.pdf  used on input line 124.
(pdftex.def)             Requested size: 354.86412pt x 78.71722pt.

Underfull \hbox (badness 10000) in paragraph at lines 133--134

 []

[40 <./development/proceso.png> <./development/proceso.pdf>]
<development/cooperacionproceso.png, id=221, 423.83344pt x 225.84375pt>
File: development/cooperacionproceso.png Graphic file (type png)
<use development/cooperacionproceso.png>
Package pdftex.def Info: development/cooperacionproceso.png  used on input line
 138.
(pdftex.def)             Requested size: 354.86412pt x 189.10092pt.

Underfull \hbox (badness 10000) in paragraph at lines 135--140

 []


Underfull \hbox (badness 10000) in paragraph at lines 144--145

 []

<development/cooperacionproceso.pdf, id=222, 273.02pt x 263.98625pt>
File: development/cooperacionproceso.pdf Graphic file (type pdf)
<use development/cooperacionproceso.pdf>
Package pdftex.def Info: development/cooperacionproceso.pdf  used on input line
 151.
(pdftex.def)             Requested size: 266.14978pt x 257.35936pt.
[41 <./development/cooperacionproceso.png>]
Underfull \hbox (badness 10000) in paragraph at lines 161--162

 []

[42 <./development/cooperacionproceso.pdf>]
<development/producto.png, id=231, 377.91188pt x 285.31593pt>
File: development/producto.png Graphic file (type png)
<use development/producto.png>
Package pdftex.def Info: development/producto.png  used on input line 167.
(pdftex.def)             Requested size: 354.86412pt x 267.91838pt.

Underfull \hbox (badness 10000) in paragraph at lines 164--169

 []


Underfull \hbox (badness 10000) in paragraph at lines 173--174

 []

<development/producto.pdf, id=232, 324.21124pt x 237.88875pt>
File: development/producto.pdf Graphic file (type pdf)
<use development/producto.pdf>
Package pdftex.def Info: development/producto.pdf  used on input line 180.
(pdftex.def)             Requested size: 354.86412pt x 260.39706pt.
[43 <./development/producto.png>]) (development/application.tex
Underfull \hbox (badness 10000) in paragraph at lines 5--6

 []

[44 <./development/producto.pdf>]
<development/comportamientoapp.png, id=241, 450.18187pt x 234.8775pt>
File: development/comportamientoapp.png Graphic file (type png)
<use development/comportamientoapp.png>
Package pdftex.def Info: development/comportamientoapp.png  used on input line 
11.
(pdftex.def)             Requested size: 354.86412pt x 185.15337pt.

Underfull \hbox (badness 10000) in paragraph at lines 8--13

 []


Underfull \hbox (badness 10000) in paragraph at lines 17--18

 []

<development/comportamientoapp.pdf, id=242, 472.76625pt x 209.78375pt>
File: development/comportamientoapp.pdf Graphic file (type pdf)
<use development/comportamientoapp.pdf>
Package pdftex.def Info: development/comportamientoapp.pdf  used on input line 
29.
(pdftex.def)             Requested size: 266.14978pt x 118.10228pt.

Underfull \hbox (badness 10000) in paragraph at lines 38--39

 []

[45 <./development/comportamientoapp.png> <./development/comportamientoapp.pdf>
]
<development/cooperacionapp.png, id=255, 462.97969pt x 215.30438pt>
File: development/cooperacionapp.png Graphic file (type png)
<use development/cooperacionapp.png>
Package pdftex.def Info: development/cooperacionapp.png  used on input line 43.

(pdftex.def)             Requested size: 354.86412pt x 165.02927pt.

Underfull \hbox (badness 10000) in paragraph at lines 40--45

 []


Underfull \hbox (badness 10000) in paragraph at lines 49--50

 []


Underfull \hbox (badness 10000) in paragraph at lines 51--52

 []

<development/cooperacionapp.pdf, id=256, 379.4175pt x 194.7275pt>
File: development/cooperacionapp.pdf Graphic file (type pdf)
<use development/cooperacionapp.pdf>
Package pdftex.def Info: development/cooperacionapp.pdf  used on input line 55.

(pdftex.def)             Requested size: 310.50357pt x 159.36261pt.
[46 <./development/cooperacionapp.png>]
Underfull \hbox (badness 10000) in paragraph at lines 64--65

 []

<development/usoapp.png, id=262, 417.81094pt x 274.02374pt>
File: development/usoapp.png Graphic file (type png)
<use development/usoapp.png>
Package pdftex.def Info: development/usoapp.png  used on input line 69.
(pdftex.def)             Requested size: 310.50357pt x 203.65663pt.

Underfull \hbox (badness 10000) in paragraph at lines 66--71

 []


Underfull \hbox (badness 10000) in paragraph at lines 76--77

 []

[47 <./development/cooperacionapp.pdf> <./development/usoapp.png>]
<development/usoapp.pdf, id=275, 321.2pt x 179.67125pt>
File: development/usoapp.pdf Graphic file (type pdf)
<use development/usoapp.pdf>
Package pdftex.def Info: development/usoapp.pdf  used on input line 80.
(pdftex.def)             Requested size: 354.86412pt x 198.50804pt.
)
(development/technology.tex [48 <./development/usoapp.pdf>]
<development/infraestructura.png, id=280, 446.41782pt x 255.20343pt>
File: development/infraestructura.png Graphic file (type png)
<use development/infraestructura.png>
Package pdftex.def Info: development/infraestructura.png  used on input line 11
.
(pdftex.def)             Requested size: 310.50357pt x 177.508pt.

Underfull \hbox (badness 10000) in paragraph at lines 8--13

 []

<development/infraestructura.pdf, id=281, 420.57124pt x 245.91875pt>
File: development/infraestructura.pdf Graphic file (type pdf)
<use development/infraestructura.pdf>
Package pdftex.def Info: development/infraestructura.pdf  used on input line 23
.
(pdftex.def)             Requested size: 354.86412pt x 207.50093pt.

Underfull \hbox (badness 10000) in paragraph at lines 32--33

 []

[49 <./development/infraestructura.png> <./development/infraestructura.pdf>]
<development/usoinfraestructura.png, id=294, 406.51875pt x 282.30469pt>
File: development/usoinfraestructura.png Graphic file (type png)
<use development/usoinfraestructura.png>
Package pdftex.def Info: development/usoinfraestructura.png  used on input line
 37.
(pdftex.def)             Requested size: 354.86412pt x 246.44307pt.

Underfull \hbox (badness 10000) in paragraph at lines 34--39

 []


Underfull \hbox (badness 10000) in paragraph at lines 43--44

 []

<development/usoinfraestructura.pdf, id=295, 280.04625pt x 182.6825pt>
File: development/usoinfraestructura.pdf Graphic file (type pdf)
<use development/usoinfraestructura.pdf>
Package pdftex.def Info: development/usoinfraestructura.pdf  used on input line
 49.
(pdftex.def)             Requested size: 354.86412pt x 231.49963pt.
[50 <./development/usoinfraestructura.png>]
Underfull \hbox (badness 10000) in paragraph at lines 55--57

 []

[51 <./development/usoinfraestructura.pdf>]
<development/estructurainfo.png, id=311, 286.82156pt x 189.70876pt>
File: development/estructurainfo.png Graphic file (type png)
<use development/estructurainfo.png>
Package pdftex.def Info: development/estructurainfo.png  used on input line 65.

(pdftex.def)             Requested size: 354.86412pt x 234.71826pt.

Underfull \hbox (badness 10000) in paragraph at lines 62--67

 []


Underfull \hbox (badness 10000) in paragraph at lines 71--72

 []

<development/estructurainfo.pdf, id=312, 306.14375pt x 93.34875pt>
File: development/estructurainfo.pdf Graphic file (type pdf)
<use development/estructurainfo.pdf>
Package pdftex.def Info: development/estructurainfo.pdf  used on input line 77.

(pdftex.def)             Requested size: 354.86412pt x 108.21054pt.

Underfull \hbox (badness 10000) in paragraph at lines 86--87

 []

[52 <./development/estructurainfo.png> <./development/estructurainfo.pdf>]
<development/realizacionser.png, id=319, 445.665pt x 225.84375pt>
File: development/realizacionser.png Graphic file (type png)
<use development/realizacionser.png>
Package pdftex.def Info: development/realizacionser.png  used on input line 91.

(pdftex.def)             Requested size: 354.86412pt x 179.83093pt.

Underfull \hbox (badness 10000) in paragraph at lines 88--93

 []


Underfull \hbox (badness 10000) in paragraph at lines 97--98

 []

<development/realizacionser.pdf, id=320, 254.9525pt x 192.72pt>
File: development/realizacionser.pdf Graphic file (type pdf)
<use development/realizacionser.pdf>
Package pdftex.def Info: development/realizacionser.pdf  used on input line 104
.
(pdftex.def)             Requested size: 354.86412pt x 268.25641pt.
[53 <./development/realizacionser.png>]) [54 <./development/realizacionser.pdf>
] [55

] (closing/results.tex) [56

] (closing/conclusions.tex)
(closing/originals.tex) (closing/works.tex) [57

] (closing/future.tex [58

])
(TG.bbl
Underfull \hbox (badness 7540) in paragraph at lines 11--15
[]\OT1/cmr/m/n/12 Dane, ``Gran en-cues-ta in-te-gra-da de ho-ga-res (geih) mer-
ca-do la-bo-ral,''
 []


Underfull \hbox (badness 10000) in paragraph at lines 17--21
[]\OT1/cmr/m/n/12 C. V. Bar-bo-sa, ``?`por que esta su-bien-do el des-em-pleo
 en co-lom-
 []


Underfull \hbox (badness 10000) in paragraph at lines 17--21
\OT1/cmr/m/n/12 bia?,'' 2019.  Dis-po-ni-ble en $https : / / www . elespectador
 . com / economia /
 []


Underfull \hbox (badness 10000) in paragraph at lines 17--21
\OT1/cmr/m/n/12 por-[]que-[]esta-[]subiendo-[]el-[]desempleo-[]en-[]colombia-[]
articulo-[]883869$ [Vis-to el
 []

[59


]
Underfull \hbox (badness 1173) in paragraph at lines 78--82
\OT1/cmr/m/n/12 dosideas . com / noticias / java / 314-[]introduccion-[]a-[]los
-[]servicios-[]web-[]restfu$ [Vis-to el
 []

) [60] (annexes/annexA.tex
Underfull \hbox (badness 10000) in paragraph at lines 7--8

 []

[61

]
<annexes/e1-p1.png, id=393, 361.35pt x 217.5628pt>
File: annexes/e1-p1.png Graphic file (type png)
<use annexes/e1-p1.png>
Package pdftex.def Info: annexes/e1-p1.png  used on input line 62.
(pdftex.def)             Requested size: 354.86412pt x 213.65825pt.
<annexes/e1-p2.png, id=394, 361.35pt x 217.5628pt>
File: annexes/e1-p2.png Graphic file (type png)
<use annexes/e1-p2.png>
Package pdftex.def Info: annexes/e1-p2.png  used on input line 71.
(pdftex.def)             Requested size: 354.86412pt x 213.65825pt.
 [62 <./annexes/e1-p1.png>]
<annexes/e1-p3.png, id=398, 361.35pt x 217.5628pt>
File: annexes/e1-p3.png Graphic file (type png)
<use annexes/e1-p3.png>
Package pdftex.def Info: annexes/e1-p3.png  used on input line 80.
(pdftex.def)             Requested size: 354.86412pt x 213.65825pt.
<annexes/e1-p4.png, id=399, 361.35pt x 217.5628pt>
File: annexes/e1-p4.png Graphic file (type png)
<use annexes/e1-p4.png>
Package pdftex.def Info: annexes/e1-p4.png  used on input line 89.
(pdftex.def)             Requested size: 354.86412pt x 213.65825pt.
 [63 <./annexes/e1-p2.png> <./annexes/e1-p3.png>]
<annexes/e1-p5.png, id=403, 361.35pt x 217.5628pt>
File: annexes/e1-p5.png Graphic file (type png)
<use annexes/e1-p5.png>
Package pdftex.def Info: annexes/e1-p5.png  used on input line 98.
(pdftex.def)             Requested size: 354.86412pt x 213.65825pt.
 [64 <./annexes/e1-p4.png> <./annexes/e1-p5.png>]
<annexes/e2-p1.png, id=408, 361.35pt x 217.5628pt>
File: annexes/e2-p1.png Graphic file (type png)
<use annexes/e2-p1.png>
Package pdftex.def Info: annexes/e2-p1.png  used on input line 142.
(pdftex.def)             Requested size: 354.86412pt x 213.65825pt.
<annexes/e2-p2.png, id=409, 361.35pt x 217.5628pt>
File: annexes/e2-p2.png Graphic file (type png)
<use annexes/e2-p2.png>
Package pdftex.def Info: annexes/e2-p2.png  used on input line 151.
(pdftex.def)             Requested size: 354.86412pt x 213.65825pt.
 [65 <./annexes/e2-p1.png>]
<annexes/e2-p3.png, id=413, 361.35pt x 217.5628pt>
File: annexes/e2-p3.png Graphic file (type png)
<use annexes/e2-p3.png>
Package pdftex.def Info: annexes/e2-p3.png  used on input line 160.
(pdftex.def)             Requested size: 354.86412pt x 213.65825pt.
)
[66 <./annexes/e2-p2.png> <./annexes/e2-p3.png>] (TG.aux (start/coverPage.aux)
LaTeX Info: Redefining \. on input line 7.
LaTeX Info: Redefining \% on input line 7.

(start/backCover.aux) (start/acceptanceNote.aux) (start/dedication.aux)
(start/intro.aux)) ) 
Here is how much of TeX's memory you used:
 3832 strings out of 492895
 63179 string characters out of 3133443
 141403 words of memory out of 3000000
 7521 multiletter control sequences out of 15000+200000
 8847 words of font info for 31 fonts, out of 3000000 for 9000
 1141 hyphenation exceptions out of 8191
 41i,6n,32p,1064b,408s stack positions out of 5000i,500n,10000p,200000b,50000s
<C:/Program Files/MiKTeX 2.9/fonts/type1/public/amsfonts/cm
/cmbx12.pfb><C:/Program Files/MiKTeX 2.9/fonts/type1/public/amsfonts/cm/cmr12.p
fb><C:/Program Files/MiKTeX 2.9/fonts/type1/public/amsfonts/cm/cmsy10.pfb><C:/P
rogram Files/MiKTeX 2.9/fonts/type1/public/amsfonts/cm/cmti12.pfb>
Output written on TG.pdf (75 pages, 2486372 bytes).
PDF statistics:
 434 PDF objects out of 1000 (max. 8388607)
 0 named destinations out of 1000 (max. 500000)
 316 words of extra memory for PDF output out of 10000 (max. 10000000)

